[debug] [2024-11-18T11:17:45.736Z] ----------------------------------------------------------------------
[debug] [2024-11-18T11:17:45.748Z] Command:       C:\Program Files\nodejs\node.exe C:\Users\Faith\AppData\Roaming\npm\node_modules\firebase-tools\lib\bin\firebase.js init functions
[debug] [2024-11-18T11:17:45.750Z] CLI Version:   13.22.1
[debug] [2024-11-18T11:17:45.752Z] Platform:      win32
[debug] [2024-11-18T11:17:45.753Z] Node Version:  v20.17.0
[debug] [2024-11-18T11:17:45.754Z] Time:          Mon Nov 18 2024 12:17:45 GMT+0100 (West Africa Standard Time)
[debug] [2024-11-18T11:17:45.756Z] ----------------------------------------------------------------------
[debug] 
[debug] [2024-11-18T11:17:45.806Z] >>> [apiv2][query] GET https://firebase-public.firebaseio.com/cli.json [none]
[debug] [2024-11-18T11:17:46.062Z] > command requires scopes: ["email","openid","https://www.googleapis.com/auth/cloudplatformprojects.readonly","https://www.googleapis.com/auth/firebase","https://www.googleapis.com/auth/cloud-platform"]
[debug] [2024-11-18T11:17:46.062Z] > authorizing via signed-in user (faithonwuemeri2008@gmail.com)
[info] 
     ######## #### ########  ######## ########     ###     ######  ########
     ##        ##  ##     ## ##       ##     ##  ##   ##  ##       ##
     ######    ##  ########  ######   ########  #########  ######  ######
     ##        ##  ##    ##  ##       ##     ## ##     ##       ## ##
     ##       #### ##     ## ######## ########  ##     ##  ######  ########

You're about to initialize a Firebase project in this directory:

  C:\Users\Faith\cv-app

[debug] [2024-11-18T11:17:49.341Z] <<< [apiv2][status] GET https://firebase-public.firebaseio.com/cli.json 200
[debug] [2024-11-18T11:17:49.343Z] <<< [apiv2][body] GET https://firebase-public.firebaseio.com/cli.json {"cloudBuildErrorAfter":1594252800000,"cloudBuildWarnAfter":1590019200000,"defaultNode10After":1594252800000,"minVersion":"3.0.5","node8DeploysDisabledAfter":1613390400000,"node8RuntimeDisabledAfter":1615809600000,"node8WarnAfter":1600128000000}
[info] 
=== Project Setup
[info] 
[info] First, let's associate this project directory with a Firebase project.
[info] You can create multiple project aliases by running firebase use --add, 
[info] but for now we'll just set up a default project.
[info] 
[debug] [2024-11-18T11:18:40.478Z] Checked if tokens are valid: false, expires at: 1726949004105
[debug] [2024-11-18T11:18:40.479Z] Checked if tokens are valid: false, expires at: 1726949004105
[debug] [2024-11-18T11:18:40.479Z] > refreshing access token with scopes: []
[debug] [2024-11-18T11:18:40.481Z] >>> [apiv2][query] POST https://www.googleapis.com/oauth2/v3/token [none]
[debug] [2024-11-18T11:18:40.481Z] >>> [apiv2][body] POST https://www.googleapis.com/oauth2/v3/token [omitted]
[debug] [2024-11-18T11:18:41.096Z] <<< [apiv2][status] POST https://www.googleapis.com/oauth2/v3/token 200
[debug] [2024-11-18T11:18:41.096Z] <<< [apiv2][body] POST https://www.googleapis.com/oauth2/v3/token [omitted]
[debug] [2024-11-18T11:18:41.167Z] >>> [apiv2][query] GET https://firebase.googleapis.com/v1beta1/projects pageSize=100
[debug] [2024-11-18T11:18:42.135Z] <<< [apiv2][status] GET https://firebase.googleapis.com/v1beta1/projects 200
[debug] [2024-11-18T11:18:42.135Z] <<< [apiv2][body] GET https://firebase.googleapis.com/v1beta1/projects [omitted]
